# JRE version: OpenJDK Runtime Environment (8.0_262-b10) (build 1.8.0_262-b10)
# Java VM: OpenJDK 64-Bit Server VM (25.262-b10 mixed mode bsd-amd64 compressed oops)
Heap:
 PSYoungGen      total 329728K, used 232475K [0x000000076ab00000, 0x0000000783800000, 0x00000007c0000000)
  eden space 295936K, 78% used [0x000000076ab00000,0x0000000778e06c00,0x000000077cc00000)
  from space 33792K, 0% used [0x000000077f100000,0x000000077f100000,0x0000000781200000)
  to   space 37888K, 0% used [0x000000077cc00000,0x000000077cc00000,0x000000077f100000)
 ParOldGen       total 246784K, used 52943K [0x00000006c0000000, 0x00000006cf100000, 0x000000076ab00000)
  object space 246784K, 21% used [0x00000006c0000000,0x00000006c33b3c20,0x00000006cf100000)
 Metaspace       used 68761K, capacity 69771K, committed 70320K, reserved 1112064K
  class space    used 8280K, capacity 8545K, committed 8624K, reserved 1048576K
GC Heap History (10 events):
Event: 3.040 GC heap before
{Heap before GC invocations=9 (full 2):
 PSYoungGen      total 162816K, used 12730K [0x000000076ab00000, 0x000000077cc00000, 0x00000007c0000000)
  eden space 144384K, 0% used [0x000000076ab00000,0x000000076ab00000,0x0000000773800000)
  from space 18432K, 69% used [0x0000000773800000,0x000000077446eac8,0x0000000774a00000)
  to   space 18944K, 0% used [0x000000077b980000,0x000000077b980000,0x000000077cc00000)
 ParOldGen       total 105984K, used 16590K [0x00000006c0000000, 0x00000006c6780000, 0x000000076ab00000)
  object space 105984K, 15% used [0x00000006c0000000,0x00000006c1033b50,0x00000006c6780000)
 Metaspace       used 34749K, capacity 35286K, committed 35496K, reserved 1081344K
  class space    used 4157K, capacity 4343K, committed 4400K, reserved 1048576K
Event: 3.103 GC heap after
Heap after GC invocations=9 (full 2):
 PSYoungGen      total 162816K, used 0K [0x000000076ab00000, 0x000000077cc00000, 0x00000007c0000000)
  eden space 144384K, 0% used [0x000000076ab00000,0x000000076ab00000,0x0000000773800000)
  from space 18432K, 0% used [0x0000000773800000,0x0000000773800000,0x0000000774a00000)
  to   space 18944K, 0% used [0x000000077b980000,0x000000077b980000,0x000000077cc00000)
 ParOldGen       total 160256K, used 18690K [0x00000006c0000000, 0x00000006c9c80000, 0x000000076ab00000)
  object space 160256K, 11% used [0x00000006c0000000,0x00000006c1240a30,0x00000006c9c80000)
 Metaspace       used 34749K, capacity 35286K, committed 35496K, reserved 1081344K
  class space    used 4157K, capacity 4343K, committed 4400K, reserved 1048576K
}
Event: 3.656 GC heap before
{Heap before GC invocations=10 (full 2):
 PSYoungGen      total 162816K, used 144384K [0x000000076ab00000, 0x000000077cc00000, 0x00000007c0000000)
  eden space 144384K, 100% used [0x000000076ab00000,0x0000000773800000,0x0000000773800000)
  from space 18432K, 0% used [0x0000000773800000,0x0000000773800000,0x0000000774a00000)
  to   space 18944K, 0% used [0x000000077b980000,0x000000077b980000,0x000000077cc00000)
 ParOldGen       total 160256K, used 18690K [0x00000006c0000000, 0x00000006c9c80000, 0x000000076ab00000)
  object space 160256K, 11% used [0x00000006c0000000,0x00000006c1240a30,0x00000006c9c80000)
 Metaspace       used 39824K, capacity 40448K, committed 40752K, reserved 1085440K
  class space    used 5192K, capacity 5388K, committed 5424K, reserved 1048576K
Event: 3.665 GC heap after
Heap after GC invocations=10 (full 2):
 PSYoungGen      total 244736K, used 18935K [0x000000076ab00000, 0x000000077cc00000, 0x00000007c0000000)
  eden space 225792K, 0% used [0x000000076ab00000,0x000000076ab00000,0x0000000778780000)
  from space 18944K, 99% used [0x000000077b980000,0x000000077cbfdc88,0x000000077cc00000)
  to   space 22528K, 0% used [0x000000077a000000,0x000000077a000000,0x000000077b600000)
 ParOldGen       total 160256K, used 20142K [0x00000006c0000000, 0x00000006c9c80000, 0x000000076ab00000)
  object space 160256K, 12% used [0x00000006c0000000,0x00000006c13ab870,0x00000006c9c80000)
 Metaspace       used 39824K, capacity 40448K, committed 40752K, reserved 1085440K
  class space    used 5192K, capacity 5388K, committed 5424K, reserved 1048576K
}
Event: 5.668 GC heap before
{Heap before GC invocations=11 (full 2):
 PSYoungGen      total 244736K, used 244727K [0x000000076ab00000, 0x000000077cc00000, 0x00000007c0000000)
  eden space 225792K, 100% used [0x000000076ab00000,0x0000000778780000,0x0000000778780000)
  from space 18944K, 99% used [0x000000077b980000,0x000000077cbfdc88,0x000000077cc00000)
  to   space 22528K, 0% used [0x000000077a000000,0x000000077a000000,0x000000077b600000)
 ParOldGen       total 160256K, used 20142K [0x00000006c0000000, 0x00000006c9c80000, 0x000000076ab00000)
  object space 160256K, 12% used [0x00000006c0000000,0x00000006c13ab870,0x00000006c9c80000)
 Metaspace       used 51540K, capacity 52344K, committed 52784K, reserved 1095680K
  class space    used 6434K, capacity 6640K, committed 6704K, reserved 1048576K
Event: 5.715 GC heap after
Heap after GC invocations=11 (full 2):
 PSYoungGen      total 273408K, used 22517K [0x000000076ab00000, 0x0000000781200000, 0x00000007c0000000)
  eden space 250880K, 0% used [0x000000076ab00000,0x000000076ab00000,0x000000077a000000)
  from space 22528K, 99% used [0x000000077a000000,0x000000077b5fd7e8,0x000000077b600000)
  to   space 33792K, 0% used [0x000000077f100000,0x000000077f100000,0x0000000781200000)
 ParOldGen       total 160256K, used 39641K [0x00000006c0000000, 0x00000006c9c80000, 0x000000076ab00000)
  object space 160256K, 24% used [0x00000006c0000000,0x00000006c26b6590,0x00000006c9c80000)
 Metaspace       used 51540K, capacity 52344K, committed 52784K, reserved 1095680K
  class space    used 6434K, capacity 6640K, committed 6704K, reserved 1048576K
}
Event: 6.501 GC heap before
{Heap before GC invocations=12 (full 2):
 PSYoungGen      total 273408K, used 161726K [0x000000076ab00000, 0x0000000781200000, 0x00000007c0000000)
  eden space 250880K, 55% used [0x000000076ab00000,0x00000007732f20c8,0x000000077a000000)
  from space 22528K, 99% used [0x000000077a000000,0x000000077b5fd7e8,0x000000077b600000)
  to   space 33792K, 0% used [0x000000077f100000,0x000000077f100000,0x0000000781200000)
 ParOldGen       total 160256K, used 39641K [0x00000006c0000000, 0x00000006c9c80000, 0x000000076ab00000)
  object space 160256K, 24% used [0x00000006c0000000,0x00000006c26b6590,0x00000006c9c80000)
 Metaspace       used 57997K, capacity 58779K, committed 59160K, reserved 1101824K
  class space    used 7085K, capacity 7310K, committed 7344K, reserved 1048576K
Event: 6.519 GC heap after
Heap after GC invocations=12 (full 2):
 PSYoungGen      total 329728K, used 30446K [0x000000076ab00000, 0x0000000783800000, 0x00000007c0000000)
  eden space 295936K, 0% used [0x000000076ab00000,0x000000076ab00000,0x000000077cc00000)
  from space 33792K, 90% used [0x000000077f100000,0x0000000780ebb980,0x0000000781200000)
  to   space 37888K, 0% used [0x000000077cc00000,0x000000077cc00000,0x000000077f100000)
 ParOldGen       total 160256K, used 39649K [0x00000006c0000000, 0x00000006c9c80000, 0x000000076ab00000)
  object space 160256K, 24% used [0x00000006c0000000,0x00000006c26b8590,0x00000006c9c80000)
 Metaspace       used 57997K, capacity 58779K, committed 59160K, reserved 1101824K
  class space    used 7085K, capacity 7310K, committed 7344K, reserved 1048576K
}
Event: 6.519 GC heap before
{Heap before GC invocations=13 (full 3):
 PSYoungGen      total 329728K, used 30446K [0x000000076ab00000, 0x0000000783800000, 0x00000007c0000000)
  eden space 295936K, 0% used [0x000000076ab00000,0x000000076ab00000,0x000000077cc00000)
  from space 33792K, 90% used [0x000000077f100000,0x0000000780ebb980,0x0000000781200000)
  to   space 37888K, 0% used [0x000000077cc00000,0x000000077cc00000,0x000000077f100000)
 ParOldGen       total 160256K, used 39649K [0x00000006c0000000, 0x00000006c9c80000, 0x000000076ab00000)
  object space 160256K, 24% used [0x00000006c0000000,0x00000006c26b8590,0x00000006c9c80000)
 Metaspace       used 57997K, capacity 58779K, committed 59160K, reserved 1101824K
  class space    used 7085K, capacity 7310K, committed 7344K, reserved 1048576K
Event: 6.712 GC heap after
Heap after GC invocations=13 (full 3):
 PSYoungGen      total 329728K, used 0K [0x000000076ab00000, 0x0000000783800000, 0x00000007c0000000)
  eden space 295936K, 0% used [0x000000076ab00000,0x000000076ab00000,0x000000077cc00000)
  from space 33792K, 0% used [0x000000077f100000,0x000000077f100000,0x0000000781200000)
  to   space 37888K, 0% used [0x000000077cc00000,0x000000077cc00000,0x000000077f100000)
 ParOldGen       total 246784K, used 52943K [0x00000006c0000000, 0x00000006cf100000, 0x000000076ab00000)
  object space 246784K, 21% used [0x00000006c0000000,0x00000006c33b3c20,0x00000006cf100000)
 Metaspace       used 57997K, capacity 58779K, committed 59160K, reserved 1101824K
  class space    used 7085K, capacity 7310K, committed 7344K, reserved 1048576K
}

