# JRE version: OpenJDK Runtime Environment (8.0_262-b10) (build 1.8.0_262-b10)
# Java VM: OpenJDK 64-Bit Server VM (25.262-b10 mixed mode bsd-amd64 compressed oops)
Heap:
 PSYoungGen      total 238592K, used 51197K [0x000000076ab00000, 0x000000077f100000, 0x00000007c0000000)
  eden space 212992K, 12% used [0x000000076ab00000,0x000000076c400d68,0x0000000777b00000)
  from space 25600K, 99% used [0x0000000777b00000,0x00000007793fe760,0x0000000779400000)
  to   space 31744K, 0% used [0x000000077d200000,0x000000077d200000,0x000000077f100000)
 ParOldGen       total 192000K, used 33888K [0x00000006c0000000, 0x00000006cbb80000, 0x000000076ab00000)
  object space 192000K, 17% used [0x00000006c0000000,0x00000006c2118070,0x00000006cbb80000)
 Metaspace       used 50661K, capacity 51343K, committed 51888K, reserved 1095680K
  class space    used 6279K, capacity 6484K, committed 6576K, reserved 1048576K
GC Heap History (10 events):
Event: 2.592 GC heap before
{Heap before GC invocations=7 (full 1):
 PSYoungGen      total 135168K, used 132823K [0x000000076ab00000, 0x0000000775180000, 0x00000007c0000000)
  eden space 124416K, 100% used [0x000000076ab00000,0x0000000772480000,0x0000000772480000)
  from space 10752K, 78% used [0x0000000772480000,0x0000000772cb5d90,0x0000000772f00000)
  to   space 11264K, 0% used [0x0000000774680000,0x0000000774680000,0x0000000775180000)
 ParOldGen       total 107520K, used 7964K [0x00000006c0000000, 0x00000006c6900000, 0x000000076ab00000)
  object space 107520K, 7% used [0x00000006c0000000,0x00000006c07c7310,0x00000006c6900000)
 Metaspace       used 26988K, capacity 27294K, committed 27696K, reserved 1073152K
  class space    used 3185K, capacity 3310K, committed 3376K, reserved 1048576K
Event: 2.600 GC heap after
Heap after GC invocations=7 (full 1):
 PSYoungGen      total 155648K, used 11255K [0x000000076ab00000, 0x0000000778200000, 0x00000007c0000000)
  eden space 144384K, 0% used [0x000000076ab00000,0x000000076ab00000,0x0000000773800000)
  from space 11264K, 99% used [0x0000000774680000,0x000000077517dfd8,0x0000000775180000)
  to   space 14848K, 0% used [0x0000000773800000,0x0000000773800000,0x0000000774680000)
 ParOldGen       total 107520K, used 11492K [0x00000006c0000000, 0x00000006c6900000, 0x000000076ab00000)
  object space 107520K, 10% used [0x00000006c0000000,0x00000006c0b39380,0x00000006c6900000)
 Metaspace       used 26988K, capacity 27294K, committed 27696K, reserved 1073152K
  class space    used 3185K, capacity 3310K, committed 3376K, reserved 1048576K
}
Event: 3.451 GC heap before
{Heap before GC invocations=8 (full 1):
 PSYoungGen      total 155648K, used 141340K [0x000000076ab00000, 0x0000000778200000, 0x00000007c0000000)
  eden space 144384K, 90% used [0x000000076ab00000,0x0000000772a09310,0x0000000773800000)
  from space 11264K, 99% used [0x0000000774680000,0x000000077517dfd8,0x0000000775180000)
  to   space 14848K, 0% used [0x0000000773800000,0x0000000773800000,0x0000000774680000)
 ParOldGen       total 107520K, used 11492K [0x00000006c0000000, 0x00000006c6900000, 0x000000076ab00000)
  object space 107520K, 10% used [0x00000006c0000000,0x00000006c0b39380,0x00000006c6900000)
 Metaspace       used 34765K, capacity 35310K, committed 35496K, reserved 1081344K
  class space    used 4158K, capacity 4349K, committed 4400K, reserved 1048576K
Event: 3.462 GC heap after
Heap after GC invocations=8 (full 1):
 PSYoungGen      total 159232K, used 14824K [0x000000076ab00000, 0x000000077ae80000, 0x00000007c0000000)
  eden space 144384K, 0% used [0x000000076ab00000,0x000000076ab00000,0x0000000773800000)
  from space 14848K, 99% used [0x0000000773800000,0x000000077467a008,0x0000000774680000)
  to   space 22528K, 0% used [0x0000000779880000,0x0000000779880000,0x000000077ae80000)
 ParOldGen       total 107520K, used 21840K [0x00000006c0000000, 0x00000006c6900000, 0x000000076ab00000)
  object space 107520K, 20% used [0x00000006c0000000,0x00000006c15541a0,0x00000006c6900000)
 Metaspace       used 34765K, capacity 35310K, committed 35496K, reserved 1081344K
  class space    used 4158K, capacity 4349K, committed 4400K, reserved 1048576K
}
Event: 3.462 GC heap before
{Heap before GC invocations=9 (full 2):
 PSYoungGen      total 159232K, used 14824K [0x000000076ab00000, 0x000000077ae80000, 0x00000007c0000000)
  eden space 144384K, 0% used [0x000000076ab00000,0x000000076ab00000,0x0000000773800000)
  from space 14848K, 99% used [0x0000000773800000,0x000000077467a008,0x0000000774680000)
  to   space 22528K, 0% used [0x0000000779880000,0x0000000779880000,0x000000077ae80000)
 ParOldGen       total 107520K, used 21840K [0x00000006c0000000, 0x00000006c6900000, 0x000000076ab00000)
  object space 107520K, 20% used [0x00000006c0000000,0x00000006c15541a0,0x00000006c6900000)
 Metaspace       used 34765K, capacity 35310K, committed 35496K, reserved 1081344K
  class space    used 4158K, capacity 4349K, committed 4400K, reserved 1048576K
Event: 3.512 GC heap after
Heap after GC invocations=9 (full 2):
 PSYoungGen      total 159232K, used 0K [0x000000076ab00000, 0x000000077ae80000, 0x00000007c0000000)
  eden space 144384K, 0% used [0x000000076ab00000,0x000000076ab00000,0x0000000773800000)
  from space 14848K, 0% used [0x0000000773800000,0x0000000773800000,0x0000000774680000)
  to   space 22528K, 0% used [0x0000000779880000,0x0000000779880000,0x000000077ae80000)
 ParOldGen       total 192000K, used 29106K [0x00000006c0000000, 0x00000006cbb80000, 0x000000076ab00000)
  object space 192000K, 15% used [0x00000006c0000000,0x00000006c1c6cac8,0x00000006cbb80000)
 Metaspace       used 34765K, capacity 35310K, committed 35496K, reserved 1081344K
  class space    used 4158K, capacity 4349K, committed 4400K, reserved 1048576K
}
Event: 4.136 GC heap before
{Heap before GC invocations=10 (full 2):
 PSYoungGen      total 159232K, used 144384K [0x000000076ab00000, 0x000000077ae80000, 0x00000007c0000000)
  eden space 144384K, 100% used [0x000000076ab00000,0x0000000773800000,0x0000000773800000)
  from space 14848K, 0% used [0x0000000773800000,0x0000000773800000,0x0000000774680000)
  to   space 22528K, 0% used [0x0000000779880000,0x0000000779880000,0x000000077ae80000)
 ParOldGen       total 192000K, used 29106K [0x00000006c0000000, 0x00000006cbb80000, 0x000000076ab00000)
  object space 192000K, 15% used [0x00000006c0000000,0x00000006c1c6cac8,0x00000006cbb80000)
 Metaspace       used 40261K, capacity 40911K, committed 41264K, reserved 1085440K
  class space    used 4682K, capacity 4863K, committed 4912K, reserved 1048576K
Event: 4.148 GC heap after
Heap after GC invocations=10 (full 2):
 PSYoungGen      total 230400K, used 20702K [0x000000076ab00000, 0x000000077ad00000, 0x00000007c0000000)
  eden space 209408K, 0% used [0x000000076ab00000,0x000000076ab00000,0x0000000777780000)
  from space 20992K, 98% used [0x0000000779880000,0x000000077acb7910,0x000000077ad00000)
  to   space 25600K, 0% used [0x0000000777b00000,0x0000000777b00000,0x0000000779400000)
 ParOldGen       total 192000K, used 29114K [0x00000006c0000000, 0x00000006cbb80000, 0x000000076ab00000)
  object space 192000K, 15% used [0x00000006c0000000,0x00000006c1c6eac8,0x00000006cbb80000)
 Metaspace       used 40261K, capacity 40911K, committed 41264K, reserved 1085440K
  class space    used 4682K, capacity 4863K, committed 4912K, reserved 1048576K
}
Event: 4.884 GC heap before
{Heap before GC invocations=11 (full 2):
 PSYoungGen      total 230400K, used 230110K [0x000000076ab00000, 0x000000077ad00000, 0x00000007c0000000)
  eden space 209408K, 100% used [0x000000076ab00000,0x0000000777780000,0x0000000777780000)
  from space 20992K, 98% used [0x0000000779880000,0x000000077acb7910,0x000000077ad00000)
  to   space 25600K, 0% used [0x0000000777b00000,0x0000000777b00000,0x0000000779400000)
 ParOldGen       total 192000K, used 29114K [0x00000006c0000000, 0x00000006cbb80000, 0x000000076ab00000)
  object space 192000K, 15% used [0x00000006c0000000,0x00000006c1c6eac8,0x00000006cbb80000)
 Metaspace       used 49194K, capacity 49885K, committed 50480K, reserved 1093632K
  class space    used 6137K, capacity 6321K, committed 6448K, reserved 1048576K
Event: 4.900 GC heap after
Heap after GC invocations=11 (full 2):
 PSYoungGen      total 238592K, used 25593K [0x000000076ab00000, 0x000000077f100000, 0x00000007c0000000)
  eden space 212992K, 0% used [0x000000076ab00000,0x000000076ab00000,0x0000000777b00000)
  from space 25600K, 99% used [0x0000000777b00000,0x00000007793fe760,0x0000000779400000)
  to   space 31744K, 0% used [0x000000077d200000,0x000000077d200000,0x000000077f100000)
 ParOldGen       total 192000K, used 33888K [0x00000006c0000000, 0x00000006cbb80000, 0x000000076ab00000)
  object space 192000K, 17% used [0x00000006c0000000,0x00000006c2118070,0x00000006cbb80000)
 Metaspace       used 49194K, capacity 49885K, committed 50480K, reserved 1093632K
  class space    used 6137K, capacity 6321K, committed 6448K, reserved 1048576K
}

